

*******************************************************************************
Sat Nov  1 15:07:47 2014


FIT:    data read from 'heiz18.dat' u (log($3+1.38)):(log($2/1000))
        format = x:z
	y range restricted to [* : 2.00000]
        #datapoints = 4
        residuals are weighted equally (unit weight)

function used for fitting: f(x)
fitted parameters initialized with current variable values



 Iteration 0
 WSSR        : 420.3             delta(WSSR)/WSSR   : 0
 delta(WSSR) : 0                 limit for stopping : 1e-05
 lambda	  : 1.31824

initial set of free parameter values

m               = 1
b               = 1

After 5 iterations the fit converged.
final sum of squares of residuals : 0.00170297
rel. change during last iteration : -8.78581e-15

degrees of freedom    (FIT_NDF)                        : 2
rms of residuals      (FIT_STDFIT) = sqrt(WSSR/ndf)    : 0.0291802
variance of residuals (reduced chisquare) = WSSR/ndf   : 0.000851486

Final set of parameters            Asymptotic Standard Error
=======================            ==========================

m               = 1.46563          +/- 0.03894      (2.657%)
b               = -9.96065         +/- 0.06127      (0.6152%)


correlation matrix of the fit parameters:

               m      b      
m               1.000 
b              -0.971  1.000 
