

*******************************************************************************
Sat Nov  1 15:07:47 2014


FIT:    data read from 'heiz19.dat' u (log($3+1.62)):(log($2/1000))
        format = x:z
	y range restricted to [* : 2.50000]
        #datapoints = 8
        residuals are weighted equally (unit weight)

function used for fitting: g(x)
fitted parameters initialized with current variable values



 Iteration 0
 WSSR        : 828.112           delta(WSSR)/WSSR   : 0
 delta(WSSR) : 0                 limit for stopping : 1e-05
 lambda	  : 1.44726

initial set of free parameter values

n               = 1
v               = 1

After 4 iterations the fit converged.
final sum of squares of residuals : 0.00197661
rel. change during last iteration : -3.95786e-07

degrees of freedom    (FIT_NDF)                        : 6
rms of residuals      (FIT_STDFIT) = sqrt(WSSR/ndf)    : 0.0181503
variance of residuals (reduced chisquare) = WSSR/ndf   : 0.000329434

Final set of parameters            Asymptotic Standard Error
=======================            ==========================

n               = 1.5469           +/- 0.008906     (0.5758%)
v               = -10.0602         +/- 0.0159       (0.1581%)


correlation matrix of the fit parameters:

               n      v      
n               1.000 
v              -0.915  1.000 
