

*******************************************************************************
Sun Sep 28 16:36:22 2014


FIT:    data read from 'heiz18.dat' u 3:(($2**2)**0.333333333)
        format = x:z
	y range restricted to [* : 6.50000]
        #datapoints = 5
        residuals are weighted equally (unit weight)

function used for fitting: f2(x)
fitted parameters initialized with current variable values



 Iteration 0
 WSSR        : 0.0348671         delta(WSSR)/WSSR   : 0
 delta(WSSR) : 0                 limit for stopping : 1e-05
 lambda	  : 2.61654

initial set of free parameter values

a               = 0.130157
b               = 0.24171

After 4 iterations the fit converged.
final sum of squares of residuals : 0.000737329
rel. change during last iteration : -5.77535e-10

degrees of freedom    (FIT_NDF)                        : 3
rms of residuals      (FIT_STDFIT) = sqrt(WSSR/ndf)    : 0.0156773
variance of residuals (reduced chisquare) = WSSR/ndf   : 0.000245776

Final set of parameters            Asymptotic Standard Error
=======================            ==========================

a               = 0.125152         +/- 0.002848     (2.276%)
b               = 0.172905         +/- 0.01015      (5.868%)


correlation matrix of the fit parameters:

               a      b      
a               1.000 
b              -0.723  1.000 


*******************************************************************************
Sun Sep 28 16:37:09 2014


FIT:    data read from 'heiz18.dat' u 3:(($2**2)**0.333333333)
        format = x:z
	y range restricted to [* : 6.50000]
        #datapoints = 5
        residuals are weighted equally (unit weight)

function used for fitting: f2(x)
fitted parameters initialized with current variable values



 Iteration 0
 WSSR        : 0.0348671         delta(WSSR)/WSSR   : 0
 delta(WSSR) : 0                 limit for stopping : 1e-05
 lambda	  : 2.61654

initial set of free parameter values

a               = 0.130157
b               = 0.24171

After 4 iterations the fit converged.
final sum of squares of residuals : 0.000737329
rel. change during last iteration : -5.77535e-10

degrees of freedom    (FIT_NDF)                        : 3
rms of residuals      (FIT_STDFIT) = sqrt(WSSR/ndf)    : 0.0156773
variance of residuals (reduced chisquare) = WSSR/ndf   : 0.000245776

Final set of parameters            Asymptotic Standard Error
=======================            ==========================

a               = 0.125152         +/- 0.002848     (2.276%)
b               = 0.172905         +/- 0.01015      (5.868%)


correlation matrix of the fit parameters:

               a      b      
a               1.000 
b              -0.723  1.000 


*******************************************************************************
Sun Sep 28 16:43:19 2014


FIT:    data read from 'heiz18.dat' u 3:(($2**2)**0.333333333)
        format = x:z
	y range restricted to [* : 6.50000]
        #datapoints = 5
        residuals are weighted equally (unit weight)

function used for fitting: f2(x)
fitted parameters initialized with current variable values



 Iteration 0
 WSSR        : 0.0348671         delta(WSSR)/WSSR   : 0
 delta(WSSR) : 0                 limit for stopping : 1e-05
 lambda	  : 2.61654

initial set of free parameter values

a               = 0.130157
b               = 0.24171

After 4 iterations the fit converged.
final sum of squares of residuals : 0.000737329
rel. change during last iteration : -5.77535e-10

degrees of freedom    (FIT_NDF)                        : 3
rms of residuals      (FIT_STDFIT) = sqrt(WSSR/ndf)    : 0.0156773
variance of residuals (reduced chisquare) = WSSR/ndf   : 0.000245776

Final set of parameters            Asymptotic Standard Error
=======================            ==========================

a               = 0.125152         +/- 0.002848     (2.276%)
b               = 0.172905         +/- 0.01015      (5.868%)


correlation matrix of the fit parameters:

               a      b      
a               1.000 
b              -0.723  1.000 


*******************************************************************************
Sun Sep 28 16:44:06 2014


FIT:    data read from 'heiz18.dat' u 3:(($2**2)**0.333333333)
        format = x:z
	y range restricted to [* : 6.50000]
        #datapoints = 5
        residuals are weighted equally (unit weight)

function used for fitting: f2(x)
fitted parameters initialized with current variable values



 Iteration 0
 WSSR        : 0.0348671         delta(WSSR)/WSSR   : 0
 delta(WSSR) : 0                 limit for stopping : 1e-05
 lambda	  : 2.61654

initial set of free parameter values

a               = 0.130157
b               = 0.24171

After 4 iterations the fit converged.
final sum of squares of residuals : 0.000737329
rel. change during last iteration : -5.77535e-10

degrees of freedom    (FIT_NDF)                        : 3
rms of residuals      (FIT_STDFIT) = sqrt(WSSR/ndf)    : 0.0156773
variance of residuals (reduced chisquare) = WSSR/ndf   : 0.000245776

Final set of parameters            Asymptotic Standard Error
=======================            ==========================

a               = 0.125152         +/- 0.002848     (2.276%)
b               = 0.172905         +/- 0.01015      (5.868%)


correlation matrix of the fit parameters:

               a      b      
a               1.000 
b              -0.723  1.000 


*******************************************************************************
Sun Sep 28 16:44:45 2014


FIT:    data read from 'heiz18.dat' u 3:(($2**2)**0.333333333)
        format = x:z
	y range restricted to [* : 6.50000]
        #datapoints = 5
        residuals are weighted equally (unit weight)

function used for fitting: f2(x)
fitted parameters initialized with current variable values



 Iteration 0
 WSSR        : 0.0348671         delta(WSSR)/WSSR   : 0
 delta(WSSR) : 0                 limit for stopping : 1e-05
 lambda	  : 2.61654

initial set of free parameter values

a               = 0.130157
b               = 0.24171

After 4 iterations the fit converged.
final sum of squares of residuals : 0.000737329
rel. change during last iteration : -5.77535e-10

degrees of freedom    (FIT_NDF)                        : 3
rms of residuals      (FIT_STDFIT) = sqrt(WSSR/ndf)    : 0.0156773
variance of residuals (reduced chisquare) = WSSR/ndf   : 0.000245776

Final set of parameters            Asymptotic Standard Error
=======================            ==========================

a               = 0.125152         +/- 0.002848     (2.276%)
b               = 0.172905         +/- 0.01015      (5.868%)


correlation matrix of the fit parameters:

               a      b      
a               1.000 
b              -0.723  1.000 


*******************************************************************************
Sun Sep 28 16:46:00 2014


FIT:    data read from 'heiz18.dat' u 3:(($2**2)**0.333333333)
        format = x:z
	y range restricted to [* : 6.50000]
        #datapoints = 5
        residuals are weighted equally (unit weight)

function used for fitting: f2(x)
fitted parameters initialized with current variable values



 Iteration 0
 WSSR        : 0.0348671         delta(WSSR)/WSSR   : 0
 delta(WSSR) : 0                 limit for stopping : 1e-05
 lambda	  : 2.61654

initial set of free parameter values

a               = 0.130157
b               = 0.24171

After 4 iterations the fit converged.
final sum of squares of residuals : 0.000737329
rel. change during last iteration : -5.77535e-10

degrees of freedom    (FIT_NDF)                        : 3
rms of residuals      (FIT_STDFIT) = sqrt(WSSR/ndf)    : 0.0156773
variance of residuals (reduced chisquare) = WSSR/ndf   : 0.000245776

Final set of parameters            Asymptotic Standard Error
=======================            ==========================

a               = 0.125152         +/- 0.002848     (2.276%)
b               = 0.172905         +/- 0.01015      (5.868%)


correlation matrix of the fit parameters:

               a      b      
a               1.000 
b              -0.723  1.000 


*******************************************************************************
Sun Sep 28 17:41:24 2014


FIT:    data read from 'heiz18.dat' u 3:(($2**2)**0.333333333)
        format = x:z
	y range restricted to [* : 6.50000]
        #datapoints = 5
        residuals are weighted equally (unit weight)

function used for fitting: f2(x)
fitted parameters initialized with current variable values



 Iteration 0
 WSSR        : 0.0348671         delta(WSSR)/WSSR   : 0
 delta(WSSR) : 0                 limit for stopping : 1e-05
 lambda	  : 2.61654

initial set of free parameter values

a               = 0.130157
b               = 0.24171

After 4 iterations the fit converged.
final sum of squares of residuals : 0.000737329
rel. change during last iteration : -5.77535e-10

degrees of freedom    (FIT_NDF)                        : 3
rms of residuals      (FIT_STDFIT) = sqrt(WSSR/ndf)    : 0.0156773
variance of residuals (reduced chisquare) = WSSR/ndf   : 0.000245776

Final set of parameters            Asymptotic Standard Error
=======================            ==========================

a               = 0.125152         +/- 0.002848     (2.276%)
b               = 0.172905         +/- 0.01015      (5.868%)


correlation matrix of the fit parameters:

               a      b      
a               1.000 
b              -0.723  1.000 


*******************************************************************************
Thu Oct 23 16:48:58 2014


FIT:    data read from 'heiz18.dat' u 3:(($2**2)**0.333333333)
        format = x:z
	y range restricted to [* : 6.50000]
        #datapoints = 5
        residuals are weighted equally (unit weight)

function used for fitting: f2(x)
fitted parameters initialized with current variable values



 Iteration 0
 WSSR        : 0.0348671         delta(WSSR)/WSSR   : 0
 delta(WSSR) : 0                 limit for stopping : 1e-05
 lambda	  : 2.61654

initial set of free parameter values

a               = 0.130157
b               = 0.24171

After 4 iterations the fit converged.
final sum of squares of residuals : 0.000737329
rel. change during last iteration : -5.77535e-10

degrees of freedom    (FIT_NDF)                        : 3
rms of residuals      (FIT_STDFIT) = sqrt(WSSR/ndf)    : 0.0156773
variance of residuals (reduced chisquare) = WSSR/ndf   : 0.000245776

Final set of parameters            Asymptotic Standard Error
=======================            ==========================

a               = 0.125152         +/- 0.002848     (2.276%)
b               = 0.172905         +/- 0.01015      (5.868%)


correlation matrix of the fit parameters:

               a      b      
a               1.000 
b              -0.723  1.000 
